Starting CAP Project Generator...
Using @sap/cds-dk [9.9.1] from /extbin/globals/bun/global/install/node_modules/@sap/cds-dk
Using @sap/generator-cap-project [2.0.6] from [/extbin/globals/bun/global/install/node_modules/@sap/generator-cap-project]
Using root path [/home/user/projects]

Creating project with connectivity, destination, hana, mta, nodejs

Adding facet: nodejs
Adding facet: mta
Adding facet: hana
Adding facet: connectivity
Adding facet: destination

Successfully initialized CAP project
Continue with: code SupplyLens 


Installing dependencies...

added 258 packages, and audited 259 packages in 6s

38 packages are looking for funding
  run `npm fund` for details

found 0 vulnerabilities

Finished installing dependencies

Done setting up project SupplyLens
Project is ready to use

